Unity Editor version:    2022.3.20f1 (61c2feb0970d)
Branch:                  2022.3/release
Build type:              Release
Batch mode:              YES
macOS version:           Version 12.6.3 (Build 21G419)
Darwin version:          21.6.0
Architecture:            x86_64
Running under Rosetta:   NO
Available memory:        16384 MB
Using pre-set license
Pro License: YES

COMMAND LINE ARGUMENTS:
/Applications/Unity/Hub/Editor/2022.3.20f1/Unity.app/Contents/MacOS/Unity
-adb2
-batchMode
-noUpm
-name
AssetImportWorker2
-projectPath
/Users/mernaabdelbadie/Project
-logFile
Logs/AssetImportWorker2.log
-srvPort
49249
Successfully changed project path to: /Users/mernaabdelbadie/Project
/Users/mernaabdelbadie/Project
[UnityMemory] Configuration Parameters - Can be set up in boot.config
    "memorysetup-bucket-allocator-granularity=16"
    "memorysetup-bucket-allocator-bucket-count=8"
    "memorysetup-bucket-allocator-block-size=33554432"
    "memorysetup-bucket-allocator-block-count=8"
    "memorysetup-main-allocator-block-size=16777216"
    "memorysetup-thread-allocator-block-size=16777216"
    "memorysetup-gfx-main-allocator-block-size=16777216"
    "memorysetup-gfx-thread-allocator-block-size=16777216"
    "memorysetup-cache-allocator-block-size=4194304"
    "memorysetup-typetree-allocator-block-size=2097152"
    "memorysetup-profiler-bucket-allocator-granularity=16"
    "memorysetup-profiler-bucket-allocator-bucket-count=8"
    "memorysetup-profiler-bucket-allocator-block-size=33554432"
    "memorysetup-profiler-bucket-allocator-block-count=8"
    "memorysetup-profiler-allocator-block-size=16777216"
    "memorysetup-profiler-editor-allocator-block-size=1048576"
    "memorysetup-temp-allocator-size-main=16777216"
    "memorysetup-job-temp-allocator-block-size=2097152"
    "memorysetup-job-temp-allocator-block-size-background=1048576"
    "memorysetup-job-temp-allocator-reduction-small-platforms=262144"
    "memorysetup-allocator-temp-initial-block-size-main=262144"
    "memorysetup-allocator-temp-initial-block-size-worker=262144"
    "memorysetup-temp-allocator-size-background-worker=32768"
    "memorysetup-temp-allocator-size-job-worker=262144"
    "memorysetup-temp-allocator-size-preload-manager=33554432"
    "memorysetup-temp-allocator-size-nav-mesh-worker=65536"
    "memorysetup-temp-allocator-size-audio-worker=65536"
    "memorysetup-temp-allocator-size-cloud-worker=32768"
    "memorysetup-temp-allocator-size-gi-baking-worker=262144"
    "memorysetup-temp-allocator-size-gfx=262144"
Player connection [4524135936] Host "[IP] 10.40.37.208 [Port] 0 [Flags] 2 [Guid] 2371227129 [EditorId] 2371227129 [Version] 1048832 [Id] OSXEditor(0,Mernas-MacBook-Pro.local) [Debug] 1 [PackageName] OSXEditor [ProjectName] Editor" joined multi-casting on [225.0.0.222:54997]...

Player connection [4524135936] Host "[IP] 10.40.37.208 [Port] 0 [Flags] 2 [Guid] 2371227129 [EditorId] 2371227129 [Version] 1048832 [Id] OSXEditor(0,Mernas-MacBook-Pro.local) [Debug] 1 [PackageName] OSXEditor [ProjectName] Editor" joined alternative multi-casting on [225.0.0.222:34997]...

[Physics::Module] Initialized MultithreadedJobDispatcher with 15 workers.
Refreshing native plugins compatible for Editor in 5.78 ms, found 3 plugins.
Preloading 0 native plugins for Editor in 0.00 ms.
Initialize engine version: 2022.3.20f1 (61c2feb0970d)
[Subsystems] Discovering subsystems at path /Applications/Unity/Hub/Editor/2022.3.20f1/Unity.app/Contents/Resources/UnitySubsystems
[Subsystems] Discovering subsystems at path /Users/mernaabdelbadie/Project/Assets
GfxDevice: creating device client; threaded=0; jobified=0
Color LCD preferred device: Intel(R) UHD Graphics 630 (low power)
Metal devices available: 2
0: AMD Radeon Pro 5500M (high power)
1: Intel(R) UHD Graphics 630 (low power)
Using device AMD Radeon Pro 5500M (high power)
Initializing Metal device caps: AMD Radeon Pro 5500M
Initialize mono
Mono path[0] = '/Applications/Unity/Hub/Editor/2022.3.20f1/Unity.app/Contents/Managed'
Mono path[1] = '/Applications/Unity/Hub/Editor/2022.3.20f1/Unity.app/Contents/MonoBleedingEdge/lib/mono/unityjit-macos'
Mono config path = '/Applications/Unity/Hub/Editor/2022.3.20f1/Unity.app/Contents/MonoBleedingEdge/etc'
Using monoOptions --debugger-agent=transport=dt_socket,embedding=1,server=y,suspend=n,address=127.0.0.1:56128
Begin MonoManager ReloadAssembly
Registering precompiled unity dll's ...
Register platform support module: /Applications/Unity/Hub/Editor/2022.3.20f1/Unity.app/Contents/PlaybackEngines/MacStandaloneSupport/UnityEditor.OSXStandalone.Extensions.dll
Registered in 0.001380 seconds.
- Loaded All Assemblies, in  0.403 seconds
Native extension for OSXStandalone target not found
Mono: successfully reloaded assembly
- Finished resetting the current domain, in  0.304 seconds
Domain Reload Profiling: 707ms
	BeginReloadAssembly (121ms)
		ExecutionOrderSort (0ms)
		DisableScriptedObjects (0ms)
		BackupInstance (0ms)
		ReleaseScriptingObjects (0ms)
		CreateAndSetChildDomain (1ms)
	RebuildCommonClasses (47ms)
	RebuildNativeTypeToScriptingClass (14ms)
	initialDomainReloadingComplete (54ms)
	LoadAllAssembliesAndSetupDomain (167ms)
		LoadAssemblies (121ms)
		RebuildTransferFunctionScriptingTraits (0ms)
		AnalyzeDomain (165ms)
			TypeCache.Refresh (163ms)
				TypeCache.ScanAssembly (148ms)
			ScanForSourceGeneratedMonoScriptInfo (0ms)
			ResolveRequiredComponents (1ms)
	FinalizeReload (305ms)
		ReleaseScriptCaches (0ms)
		RebuildScriptCaches (0ms)
		SetupLoadedEditorAssemblies (238ms)
			LogAssemblyErrors (0ms)
			InitializePlatformSupportModulesInManaged (8ms)
			SetLoadedEditorAssemblies (8ms)
			RefreshPlugins (0ms)
			BeforeProcessingInitializeOnLoad (2ms)
			ProcessInitializeOnLoadAttributes (169ms)
			ProcessInitializeOnLoadMethodAttributes (51ms)
			AfterProcessingInitializeOnLoad (0ms)
			EditorAssembliesLoaded (0ms)
		ExecutionOrderSort2 (0ms)
		AwakeInstancesAfterBackupRestoration (0ms)
========================================================================
Worker process is ready to serve import requests
Begin MonoManager ReloadAssembly
- Loaded All Assemblies, in  0.660 seconds
Refreshing native plugins compatible for Editor in 1.55 ms, found 3 plugins.
Native extension for OSXStandalone target not found
Package Manager log level set to [2]
[Package Manager] Server::EnsureServerProcessIsRunning -- launch failed, reason: Unity was launched with the -noUpm command-line argument
[Package Manager] UpmClient::Send -- Unable to send message (not connected to UPM process).
[Package Manager] Cannot connect to Unity Package Manager local server
Mono: successfully reloaded assembly
- Finished resetting the current domain, in  0.636 seconds
Domain Reload Profiling: 1297ms
	BeginReloadAssembly (153ms)
		ExecutionOrderSort (0ms)
		DisableScriptedObjects (6ms)
		BackupInstance (0ms)
		ReleaseScriptingObjects (0ms)
		CreateAndSetChildDomain (32ms)
	RebuildCommonClasses (44ms)
	RebuildNativeTypeToScriptingClass (13ms)
	initialDomainReloadingComplete (42ms)
	LoadAllAssembliesAndSetupDomain (409ms)
		LoadAssemblies (274ms)
		RebuildTransferFunctionScriptingTraits (0ms)
		AnalyzeDomain (214ms)
			TypeCache.Refresh (179ms)
				TypeCache.ScanAssembly (160ms)
			ScanForSourceGeneratedMonoScriptInfo (26ms)
			ResolveRequiredComponents (6ms)
	FinalizeReload (636ms)
		ReleaseScriptCaches (0ms)
		RebuildScriptCaches (0ms)
		SetupLoadedEditorAssemblies (458ms)
			LogAssemblyErrors (0ms)
			InitializePlatformSupportModulesInManaged (4ms)
			SetLoadedEditorAssemblies (5ms)
			RefreshPlugins (0ms)
			BeforeProcessingInitializeOnLoad (56ms)
			ProcessInitializeOnLoadAttributes (353ms)
			ProcessInitializeOnLoadMethodAttributes (39ms)
			AfterProcessingInitializeOnLoad (1ms)
			EditorAssembliesLoaded (0ms)
		ExecutionOrderSort2 (0ms)
		AwakeInstancesAfterBackupRestoration (4ms)
Launching external process: /Applications/Unity/Hub/Editor/2022.3.20f1/Unity.app/Contents/Tools/UnityShaderCompiler
Launched and connected shader compiler UnityShaderCompiler after 0.06 seconds
Refreshing native plugins compatible for Editor in 1.47 ms, found 3 plugins.
Preloading 0 native plugins for Editor in 0.00 ms.
Unloading 4036 Unused Serialized files (Serialized files now loaded: 0)
Unloading 70 unused Assets / (235.0 KB). Loaded Objects now: 4492.
Memory consumption went from 257.1 MB to 256.9 MB.
Total: 4.960533 ms (FindLiveObjects: 0.439533 ms CreateObjectMapping: 0.484691 ms MarkObjects: 3.822348 ms  DeleteObjects: 0.213285 ms)

AssetImportParameters requested are different than current active one (requested -> active):
  custom:container-demuxer-ogg: 62fdf1f143b41e24485cea50d1cbac27 -> 
  custom:video-decoder-ogg-theora: a1e56fd34408186e4bbccfd4996cb3dc -> 
  custom:CustomObjectIndexerAttribute: 6d391050e5a25f67b0a2c618074f2cd9 -> 
  custom:container-demuxer-webm: 4f35f7cbe854078d1ac9338744f61a02 -> 
  custom:container-muxer-webm: aa71ff27fc2769a1b78a27578f13a17b -> 
  custom:video-decoder-webm-vp8: 9c59270c3fd7afecdb556c50c9e8de78 -> 
  custom:SearchIndexIgnoredProperties: e643bd26f0fe6173181afceb89e7c659 -> 
  custom:AudioImporter_EditorPlatform: 3918e3fc78b5a79bad01e8451be0beb8 -> 
  custom:framework-osx-AVFoundation: e770b220cccbd017edd2c1fefb359320 -> 
  custom:video-encoder-webm-vp8: eb34c28f22e8b96e1ab97ce403110664 -> 
  custom:audio-decoder-ogg-vorbis: bf7c407c2cedff20999df2af8eb42d56 -> 
  custom:audio-encoder-webm-vorbis: bf7c407c2cedff20999df2af8eb42d56 -> 
========================================================================
Received Import Request.
  Time since last request: 700.977757 seconds.
  path: Assets/prefabs/ocean_layer_1_1.prefab
  artifactKey: Guid(becf28d1a8717478da9d5dc4b9815915) Importer(815301076,1909f56bfc062723c751e8b465ee728b)
Start importing Assets/prefabs/ocean_layer_1_1.prefab using Guid(becf28d1a8717478da9d5dc4b9815915) Importer(815301076,1909f56bfc062723c751e8b465ee728b)  -> (artifact id: 'e4b1cae362b1d3b4334d658b11c8aef4') in 0.112677 seconds
Number of updated asset objects reloaded before import = 0
Number of asset objects unloaded after import = 7
========================================================================
Received Import Request.
  Time since last request: 1.872288 seconds.
  path: Assets/prefabs/ocean_layer_1_2.prefab
  artifactKey: Guid(d149ff728b3d54e2ba1338ce87fff72a) Importer(815301076,1909f56bfc062723c751e8b465ee728b)
Start importing Assets/prefabs/ocean_layer_1_2.prefab using Guid(d149ff728b3d54e2ba1338ce87fff72a) Importer(815301076,1909f56bfc062723c751e8b465ee728b)  -> (artifact id: '2ec32ae6b0c2b066a4f10347b4e4b063') in 0.012080 seconds
Number of updated asset objects reloaded before import = 0
Number of asset objects unloaded after import = 7
========================================================================
Received Import Request.
  Time since last request: 1.665276 seconds.
  path: Assets/prefabs/ocean_layer_1.prefab
  artifactKey: Guid(ecb1f25591490474c9b1f378713c093e) Importer(815301076,1909f56bfc062723c751e8b465ee728b)
Start importing Assets/prefabs/ocean_layer_1.prefab using Guid(ecb1f25591490474c9b1f378713c093e) Importer(815301076,1909f56bfc062723c751e8b465ee728b)  -> (artifact id: '5433bb89e4a05da143183dfed5700d24') in 0.010919 seconds
Number of updated asset objects reloaded before import = 0
Number of asset objects unloaded after import = 24
========================================================================
Received Import Request.
  Time since last request: 2.272074 seconds.
  path: Assets/prefabs/ocean_layer_2_1.prefab
  artifactKey: Guid(0388574c99933411193a172587c78c96) Importer(815301076,1909f56bfc062723c751e8b465ee728b)
Start importing Assets/prefabs/ocean_layer_2_1.prefab using Guid(0388574c99933411193a172587c78c96) Importer(815301076,1909f56bfc062723c751e8b465ee728b)  -> (artifact id: '6579f14f40d744e86cee44be5611a67e') in 0.010280 seconds
Number of updated asset objects reloaded before import = 0
Number of asset objects unloaded after import = 7
========================================================================
Received Import Request.
  Time since last request: 2.359044 seconds.
  path: Assets/prefabs/ocean_layer_2 _2.prefab
  artifactKey: Guid(3e0f8b5a2dfc549b7abe5a275f1328e4) Importer(815301076,1909f56bfc062723c751e8b465ee728b)
Start importing Assets/prefabs/ocean_layer_2 _2.prefab using Guid(3e0f8b5a2dfc549b7abe5a275f1328e4) Importer(815301076,1909f56bfc062723c751e8b465ee728b)  -> (artifact id: 'f8271c5d76ebc1b1d746154b4b0d2242') in 0.010937 seconds
Number of updated asset objects reloaded before import = 0
Number of asset objects unloaded after import = 7
========================================================================
Received Import Request.
  Time since last request: 2.967595 seconds.
  path: Assets/prefabs/ocean_layer_2.prefab
  artifactKey: Guid(f8bdbf55f626d4c3e801c5109662b0a4) Importer(815301076,1909f56bfc062723c751e8b465ee728b)
Start importing Assets/prefabs/ocean_layer_2.prefab using Guid(f8bdbf55f626d4c3e801c5109662b0a4) Importer(815301076,1909f56bfc062723c751e8b465ee728b)  -> (artifact id: '32ddbd5b427a2a97a08afe2d832de1c0') in 0.009970 seconds
Number of updated asset objects reloaded before import = 0
Number of asset objects unloaded after import = 24
========================================================================
Received Import Request.
  Time since last request: 1.822511 seconds.
  path: Assets/prefabs/ocean_layer_3_1.prefab
  artifactKey: Guid(b7553bfbcf3c944d9aadf041c14d01ea) Importer(815301076,1909f56bfc062723c751e8b465ee728b)
Start importing Assets/prefabs/ocean_layer_3_1.prefab using Guid(b7553bfbcf3c944d9aadf041c14d01ea) Importer(815301076,1909f56bfc062723c751e8b465ee728b)  -> (artifact id: 'c66faed98b56dd4602194b48849da6bc') in 0.011232 seconds
Number of updated asset objects reloaded before import = 0
Number of asset objects unloaded after import = 7
========================================================================
Received Import Request.
  Time since last request: 1.350736 seconds.
  path: Assets/prefabs/ocean_layer_3_2.prefab
  artifactKey: Guid(301a1c8ecc1a0453fbe6ec9b460a89be) Importer(815301076,1909f56bfc062723c751e8b465ee728b)
Start importing Assets/prefabs/ocean_layer_3_2.prefab using Guid(301a1c8ecc1a0453fbe6ec9b460a89be) Importer(815301076,1909f56bfc062723c751e8b465ee728b)  -> (artifact id: 'ee5bbb46eae4a72211d3e1324aac7ce4') in 0.009603 seconds
Number of updated asset objects reloaded before import = 0
Number of asset objects unloaded after import = 7
========================================================================
Received Import Request.
  Time since last request: 1.607434 seconds.
  path: Assets/prefabs/ocean_layer_3.prefab
  artifactKey: Guid(9781437559fc7471d911ce13ab9d1c38) Importer(815301076,1909f56bfc062723c751e8b465ee728b)
Start importing Assets/prefabs/ocean_layer_3.prefab using Guid(9781437559fc7471d911ce13ab9d1c38) Importer(815301076,1909f56bfc062723c751e8b465ee728b)  -> (artifact id: 'b6fe61346c4707c1a91523faae6cfe52') in 0.010445 seconds
Number of updated asset objects reloaded before import = 0
Number of asset objects unloaded after import = 24
========================================================================
Received Import Request.
  Time since last request: 1.419290 seconds.
  path: Assets/prefabs/ocean_layer_4_2.prefab
  artifactKey: Guid(bcddd9a4e4c0e4188bd423c373ada018) Importer(815301076,1909f56bfc062723c751e8b465ee728b)
Start importing Assets/prefabs/ocean_layer_4_2.prefab using Guid(bcddd9a4e4c0e4188bd423c373ada018) Importer(815301076,1909f56bfc062723c751e8b465ee728b)  -> (artifact id: '2b5a87ae475ddbc171adb5ad71ed7e83') in 0.009757 seconds
Number of updated asset objects reloaded before import = 0
Number of asset objects unloaded after import = 7
========================================================================
Received Import Request.
  Time since last request: 1.657794 seconds.
  path: Assets/prefabs/ocean_layer_4_1.prefab
  artifactKey: Guid(af623565c62074e9380defa410fac641) Importer(815301076,1909f56bfc062723c751e8b465ee728b)
Start importing Assets/prefabs/ocean_layer_4_1.prefab using Guid(af623565c62074e9380defa410fac641) Importer(815301076,1909f56bfc062723c751e8b465ee728b)  -> (artifact id: 'a4259975db2e1150dec794c67d390467') in 0.009926 seconds
Number of updated asset objects reloaded before import = 0
Number of asset objects unloaded after import = 7
========================================================================
Received Import Request.
  Time since last request: 1.764267 seconds.
  path: Assets/prefabs/ocean_layer_4.prefab
  artifactKey: Guid(da7948f8080e34cd995d08a2cbe89dc3) Importer(815301076,1909f56bfc062723c751e8b465ee728b)
Start importing Assets/prefabs/ocean_layer_4.prefab using Guid(da7948f8080e34cd995d08a2cbe89dc3) Importer(815301076,1909f56bfc062723c751e8b465ee728b)  -> (artifact id: '82875007abd8c74e7ef402ec3c411f90') in 0.010310 seconds
Number of updated asset objects reloaded before import = 0
Number of asset objects unloaded after import = 24
========================================================================
Received Import Request.
  Time since last request: 1.861765 seconds.
  path: Assets/prefabs/ocean_layer_5_2.prefab
  artifactKey: Guid(31367150015ed4eaeb70729553e05edf) Importer(815301076,1909f56bfc062723c751e8b465ee728b)
Start importing Assets/prefabs/ocean_layer_5_2.prefab using Guid(31367150015ed4eaeb70729553e05edf) Importer(815301076,1909f56bfc062723c751e8b465ee728b)  -> (artifact id: '29f0e52cd45041e671b86b0e8e9dfd91') in 0.010043 seconds
Number of updated asset objects reloaded before import = 0
Number of asset objects unloaded after import = 7
========================================================================
Received Import Request.
  Time since last request: 1.573526 seconds.
  path: Assets/prefabs/ocean_layer_5_1.prefab
  artifactKey: Guid(eda40244292c443efae0d9e7273d13c3) Importer(815301076,1909f56bfc062723c751e8b465ee728b)
Start importing Assets/prefabs/ocean_layer_5_1.prefab using Guid(eda40244292c443efae0d9e7273d13c3) Importer(815301076,1909f56bfc062723c751e8b465ee728b)  -> (artifact id: '5061fa0362baa3a7c853d5976ad52a42') in 0.009825 seconds
Number of updated asset objects reloaded before import = 0
Number of asset objects unloaded after import = 7
========================================================================
Received Import Request.
  Time since last request: 2.025050 seconds.
  path: Assets/prefabs/ocean_layer_5.prefab
  artifactKey: Guid(11e80c112ab2f4f3b9f90c2a3486fe36) Importer(815301076,1909f56bfc062723c751e8b465ee728b)
Start importing Assets/prefabs/ocean_layer_5.prefab using Guid(11e80c112ab2f4f3b9f90c2a3486fe36) Importer(815301076,1909f56bfc062723c751e8b465ee728b)  -> (artifact id: '10fc38bb98efe32da307af508b6b0cfb') in 0.010386 seconds
Number of updated asset objects reloaded before import = 0
Number of asset objects unloaded after import = 24
========================================================================
Received Import Request.
  Time since last request: 5.620520 seconds.
  path: Assets/prefabs/morning_sky_1.prefab
  artifactKey: Guid(5c965b710be8f46619c690ddab37bcb8) Importer(815301076,1909f56bfc062723c751e8b465ee728b)
Start importing Assets/prefabs/morning_sky_1.prefab using Guid(5c965b710be8f46619c690ddab37bcb8) Importer(815301076,1909f56bfc062723c751e8b465ee728b)  -> (artifact id: '830404bdba43faf409fe00cc9a181d63') in 0.015033 seconds
Number of updated asset objects reloaded before import = 0
Number of asset objects unloaded after import = 12
========================================================================
Received Import Request.
  Time since last request: 19.865542 seconds.
  path: Assets/prefabs/morning_sky_1 1.prefab
  artifactKey: Guid(b91382836ed36473fa5d92b4318fa557) Importer(815301076,1909f56bfc062723c751e8b465ee728b)
Start importing Assets/prefabs/morning_sky_1 1.prefab using Guid(b91382836ed36473fa5d92b4318fa557) Importer(815301076,1909f56bfc062723c751e8b465ee728b)  -> (artifact id: '38401cd7c51bd855eff5f391ca943ee6') in 0.014078 seconds
Number of updated asset objects reloaded before import = 0
Number of asset objects unloaded after import = 12
========================================================================
Received Import Request.
  Time since last request: 1.540890 seconds.
  path: Assets/prefabs/morning_sky_2.prefab
  artifactKey: Guid(853a3476369b141419ddf9c2f3789e8d) Importer(815301076,1909f56bfc062723c751e8b465ee728b)
Start importing Assets/prefabs/morning_sky_2.prefab using Guid(853a3476369b141419ddf9c2f3789e8d) Importer(815301076,1909f56bfc062723c751e8b465ee728b)  -> (artifact id: '678306e8b784daf827c23ac8ae8f91f6') in 0.013848 seconds
Number of updated asset objects reloaded before import = 0
Number of asset objects unloaded after import = 12
========================================================================
Received Import Request.
  Time since last request: 1.915917 seconds.
  path: Assets/prefabs/morning_sky 1.prefab
  artifactKey: Guid(a2b66d2cc41ac4d59bc9b3997f37f95e) Importer(815301076,1909f56bfc062723c751e8b465ee728b)
Start importing Assets/prefabs/morning_sky 1.prefab using Guid(a2b66d2cc41ac4d59bc9b3997f37f95e) Importer(815301076,1909f56bfc062723c751e8b465ee728b)  -> (artifact id: '7fcf70529a627e1a539ebcd18452ad43') in 0.013392 seconds
Number of updated asset objects reloaded before import = 0
Number of asset objects unloaded after import = 33
========================================================================
Received Import Request.
  Time since last request: 2.505047 seconds.
  path: Assets/prefabs/Background2.prefab
  artifactKey: Guid(4804c66555d2b468e8dbcd0a927904c3) Importer(815301076,1909f56bfc062723c751e8b465ee728b)
Start importing Assets/prefabs/Background2.prefab using Guid(4804c66555d2b468e8dbcd0a927904c3) Importer(815301076,1909f56bfc062723c751e8b465ee728b)  -> (artifact id: '2a25bb80227784b91e9e351dd464499c') in 0.035442 seconds
Number of updated asset objects reloaded before import = 0
Number of asset objects unloaded after import = 233
========================================================================
Received Prepare
Begin MonoManager ReloadAssembly
- Loaded All Assemblies, in  0.459 seconds
Refreshing native plugins compatible for Editor in 1.76 ms, found 3 plugins.
Native extension for OSXStandalone target not found
[Package Manager] Server::EnsureServerProcessIsRunning -- launch failed, reason: Unity was launched with the -noUpm command-line argument
[Package Manager] UpmClient::Send -- Unable to send message (not connected to UPM process).
[Package Manager] Cannot connect to Unity Package Manager local server
Mono: successfully reloaded assembly
- Finished resetting the current domain, in  0.960 seconds
Domain Reload Profiling: 1420ms
	BeginReloadAssembly (171ms)
		ExecutionOrderSort (0ms)
		DisableScriptedObjects (12ms)
		BackupInstance (0ms)
		ReleaseScriptingObjects (0ms)
		CreateAndSetChildDomain (59ms)
	RebuildCommonClasses (45ms)
	RebuildNativeTypeToScriptingClass (13ms)
	initialDomainReloadingComplete (24ms)
	LoadAllAssembliesAndSetupDomain (206ms)
		LoadAssemblies (261ms)
		RebuildTransferFunctionScriptingTraits (0ms)
		AnalyzeDomain (16ms)
			TypeCache.Refresh (7ms)
				TypeCache.ScanAssembly (0ms)
			ScanForSourceGeneratedMonoScriptInfo (0ms)
			ResolveRequiredComponents (8ms)
	FinalizeReload (961ms)
		ReleaseScriptCaches (0ms)
		RebuildScriptCaches (0ms)
		SetupLoadedEditorAssemblies (518ms)
			LogAssemblyErrors (0ms)
			InitializePlatformSupportModulesInManaged (5ms)
			SetLoadedEditorAssemblies (5ms)
			RefreshPlugins (0ms)
			BeforeProcessingInitializeOnLoad (69ms)
			ProcessInitializeOnLoadAttributes (394ms)
			ProcessInitializeOnLoadMethodAttributes (44ms)
			AfterProcessingInitializeOnLoad (1ms)
			EditorAssembliesLoaded (0ms)
		ExecutionOrderSort2 (0ms)
		AwakeInstancesAfterBackupRestoration (15ms)
Refreshing native plugins compatible for Editor in 1.99 ms, found 3 plugins.
Preloading 0 native plugins for Editor in 0.00 ms.
Unloading 4030 Unused Serialized files (Serialized files now loaded: 0)
Unloading 42 unused Assets / (196.2 KB). Loaded Objects now: 4505.
Memory consumption went from 263.7 MB to 263.5 MB.
Total: 4.222638 ms (FindLiveObjects: 0.332705 ms CreateObjectMapping: 0.306482 ms MarkObjects: 3.381449 ms  DeleteObjects: 0.201073 ms)

Prepare: number of updated asset objects reloaded= 0
AssetImportParameters requested are different than current active one (requested -> active):
  custom:container-demuxer-ogg: 62fdf1f143b41e24485cea50d1cbac27 -> 
  custom:video-decoder-ogg-theora: a1e56fd34408186e4bbccfd4996cb3dc -> 
  custom:CustomObjectIndexerAttribute: 6d391050e5a25f67b0a2c618074f2cd9 -> 
  custom:container-demuxer-webm: 4f35f7cbe854078d1ac9338744f61a02 -> 
  custom:container-muxer-webm: aa71ff27fc2769a1b78a27578f13a17b -> 
  custom:video-decoder-webm-vp8: 9c59270c3fd7afecdb556c50c9e8de78 -> 
  custom:SearchIndexIgnoredProperties: e643bd26f0fe6173181afceb89e7c659 -> 
  custom:AudioImporter_EditorPlatform: 3918e3fc78b5a79bad01e8451be0beb8 -> 
  custom:framework-osx-AVFoundation: e770b220cccbd017edd2c1fefb359320 -> 
  custom:video-encoder-webm-vp8: eb34c28f22e8b96e1ab97ce403110664 -> 
  custom:audio-decoder-ogg-vorbis: bf7c407c2cedff20999df2af8eb42d56 -> 
  custom:audio-encoder-webm-vorbis: bf7c407c2cedff20999df2af8eb42d56 -> 
========================================================================
Received Import Request.
  Time since last request: 300.812089 seconds.
  path: Assets/prefabs/Background2.prefab
  artifactKey: Guid(4804c66555d2b468e8dbcd0a927904c3) Importer(815301076,1909f56bfc062723c751e8b465ee728b)
Start importing Assets/prefabs/Background2.prefab using Guid(4804c66555d2b468e8dbcd0a927904c3) Importer(815301076,1909f56bfc062723c751e8b465ee728b)  -> (artifact id: '6d75e7195947bcead8d0e63f6d938ace') in 0.092890 seconds
Number of updated asset objects reloaded before import = 0
Number of asset objects unloaded after import = 233
========================================================================
Received Import Request.
  Time since last request: 2.622298 seconds.
  path: Assets/prefabs/Background2.prefab
  artifactKey: Guid(4804c66555d2b468e8dbcd0a927904c3) Importer(815301076,1909f56bfc062723c751e8b465ee728b)
Start importing Assets/prefabs/Background2.prefab using Guid(4804c66555d2b468e8dbcd0a927904c3) Importer(815301076,1909f56bfc062723c751e8b465ee728b)  -> (artifact id: '7277de380235ee13fecab43bae983928') in 0.035784 seconds
Number of updated asset objects reloaded before import = 0
Number of asset objects unloaded after import = 233
========================================================================
Received Import Request.
  Time since last request: 2.378184 seconds.
  path: Assets/prefabs/Background2.prefab
  artifactKey: Guid(4804c66555d2b468e8dbcd0a927904c3) Importer(815301076,1909f56bfc062723c751e8b465ee728b)
Start importing Assets/prefabs/Background2.prefab using Guid(4804c66555d2b468e8dbcd0a927904c3) Importer(815301076,1909f56bfc062723c751e8b465ee728b)  -> (artifact id: 'fd14cf5cbe10a7e1f5c88f71f39b6cd3') in 0.031623 seconds
Number of updated asset objects reloaded before import = 0
Number of asset objects unloaded after import = 233
========================================================================
Received Prepare
Begin MonoManager ReloadAssembly
- Loaded All Assemblies, in  0.466 seconds
Refreshing native plugins compatible for Editor in 1.75 ms, found 3 plugins.
Native extension for OSXStandalone target not found
[Package Manager] Server::EnsureServerProcessIsRunning -- launch failed, reason: Unity was launched with the -noUpm command-line argument
[Package Manager] UpmClient::Send -- Unable to send message (not connected to UPM process).
[Package Manager] Cannot connect to Unity Package Manager local server
Mono: successfully reloaded assembly
- Finished resetting the current domain, in  0.933 seconds
Domain Reload Profiling: 1400ms
	BeginReloadAssembly (175ms)
		ExecutionOrderSort (0ms)
		DisableScriptedObjects (12ms)
		BackupInstance (0ms)
		ReleaseScriptingObjects (0ms)
		CreateAndSetChildDomain (62ms)
	RebuildCommonClasses (43ms)
	RebuildNativeTypeToScriptingClass (13ms)
	initialDomainReloadingComplete (25ms)
	LoadAllAssembliesAndSetupDomain (208ms)
		LoadAssemblies (264ms)
		RebuildTransferFunctionScriptingTraits (0ms)
		AnalyzeDomain (16ms)
			TypeCache.Refresh (7ms)
				TypeCache.ScanAssembly (0ms)
			ScanForSourceGeneratedMonoScriptInfo (0ms)
			ResolveRequiredComponents (7ms)
	FinalizeReload (934ms)
		ReleaseScriptCaches (0ms)
		RebuildScriptCaches (0ms)
		SetupLoadedEditorAssemblies (519ms)
			LogAssemblyErrors (0ms)
			InitializePlatformSupportModulesInManaged (5ms)
			SetLoadedEditorAssemblies (5ms)
			RefreshPlugins (0ms)
			BeforeProcessingInitializeOnLoad (71ms)
			ProcessInitializeOnLoadAttributes (394ms)
			ProcessInitializeOnLoadMethodAttributes (42ms)
			AfterProcessingInitializeOnLoad (1ms)
			EditorAssembliesLoaded (0ms)
		ExecutionOrderSort2 (0ms)
		AwakeInstancesAfterBackupRestoration (14ms)
Refreshing native plugins compatible for Editor in 1.88 ms, found 3 plugins.
Preloading 0 native plugins for Editor in 0.00 ms.
Unloading 4030 Unused Serialized files (Serialized files now loaded: 0)
Unloading 42 unused Assets / (196.5 KB). Loaded Objects now: 4509.
Memory consumption went from 265.1 MB to 264.9 MB.
Total: 4.144657 ms (FindLiveObjects: 0.305095 ms CreateObjectMapping: 0.274323 ms MarkObjects: 3.361859 ms  DeleteObjects: 0.202360 ms)

Prepare: number of updated asset objects reloaded= 0
AssetImportParameters requested are different than current active one (requested -> active):
  custom:container-demuxer-ogg: 62fdf1f143b41e24485cea50d1cbac27 -> 
  custom:video-decoder-ogg-theora: a1e56fd34408186e4bbccfd4996cb3dc -> 
  custom:CustomObjectIndexerAttribute: 6d391050e5a25f67b0a2c618074f2cd9 -> 
  custom:container-demuxer-webm: 4f35f7cbe854078d1ac9338744f61a02 -> 
  custom:container-muxer-webm: aa71ff27fc2769a1b78a27578f13a17b -> 
  custom:video-decoder-webm-vp8: 9c59270c3fd7afecdb556c50c9e8de78 -> 
  custom:SearchIndexIgnoredProperties: e643bd26f0fe6173181afceb89e7c659 -> 
  custom:AudioImporter_EditorPlatform: 3918e3fc78b5a79bad01e8451be0beb8 -> 
  custom:framework-osx-AVFoundation: e770b220cccbd017edd2c1fefb359320 -> 
  custom:video-encoder-webm-vp8: eb34c28f22e8b96e1ab97ce403110664 -> 
  custom:audio-decoder-ogg-vorbis: bf7c407c2cedff20999df2af8eb42d56 -> 
  custom:audio-encoder-webm-vorbis: bf7c407c2cedff20999df2af8eb42d56 -> 
========================================================================
Received Import Request.
  Time since last request: 117.325920 seconds.
  path: Assets/prefabs/Background2.prefab
  artifactKey: Guid(4804c66555d2b468e8dbcd0a927904c3) Importer(815301076,1909f56bfc062723c751e8b465ee728b)
Start importing Assets/prefabs/Background2.prefab using Guid(4804c66555d2b468e8dbcd0a927904c3) Importer(815301076,1909f56bfc062723c751e8b465ee728b)  -> (artifact id: '8d03fdaddb2da9a47e3d7e8456f4b733') in 0.100316 seconds
Number of updated asset objects reloaded before import = 0
Number of asset objects unloaded after import = 233
========================================================================
Received Import Request.
  Time since last request: 30.161772 seconds.
  path: Assets/prefabs/Background2.prefab
  artifactKey: Guid(4804c66555d2b468e8dbcd0a927904c3) Importer(815301076,1909f56bfc062723c751e8b465ee728b)
Start importing Assets/prefabs/Background2.prefab using Guid(4804c66555d2b468e8dbcd0a927904c3) Importer(815301076,1909f56bfc062723c751e8b465ee728b)  -> (artifact id: '88faa717fd758754de17e2a3a725f322') in 0.036590 seconds
Number of updated asset objects reloaded before import = 0
Number of asset objects unloaded after import = 233
========================================================================
Received Prepare
Begin MonoManager ReloadAssembly
- Loaded All Assemblies, in  0.469 seconds
Refreshing native plugins compatible for Editor in 1.69 ms, found 3 plugins.
Native extension for OSXStandalone target not found
[Package Manager] Server::EnsureServerProcessIsRunning -- launch failed, reason: Unity was launched with the -noUpm command-line argument
[Package Manager] UpmClient::Send -- Unable to send message (not connected to UPM process).
[Package Manager] Cannot connect to Unity Package Manager local server
Mono: successfully reloaded assembly
- Finished resetting the current domain, in  0.900 seconds
Domain Reload Profiling: 1369ms
	BeginReloadAssembly (175ms)
		ExecutionOrderSort (0ms)
		DisableScriptedObjects (12ms)
		BackupInstance (0ms)
		ReleaseScriptingObjects (0ms)
		CreateAndSetChildDomain (62ms)
	RebuildCommonClasses (43ms)
	RebuildNativeTypeToScriptingClass (14ms)
	initialDomainReloadingComplete (26ms)
	LoadAllAssembliesAndSetupDomain (211ms)
		LoadAssemblies (265ms)
		RebuildTransferFunctionScriptingTraits (0ms)
		AnalyzeDomain (17ms)
			TypeCache.Refresh (7ms)
				TypeCache.ScanAssembly (0ms)
			ScanForSourceGeneratedMonoScriptInfo (0ms)
			ResolveRequiredComponents (7ms)
	FinalizeReload (901ms)
		ReleaseScriptCaches (0ms)
		RebuildScriptCaches (0ms)
		SetupLoadedEditorAssemblies (524ms)
			LogAssemblyErrors (0ms)
			InitializePlatformSupportModulesInManaged (6ms)
			SetLoadedEditorAssemblies (4ms)
			RefreshPlugins (0ms)
			BeforeProcessingInitializeOnLoad (74ms)
			ProcessInitializeOnLoadAttributes (395ms)
			ProcessInitializeOnLoadMethodAttributes (44ms)
			AfterProcessingInitializeOnLoad (1ms)
			EditorAssembliesLoaded (0ms)
		ExecutionOrderSort2 (0ms)
		AwakeInstancesAfterBackupRestoration (13ms)
Refreshing native plugins compatible for Editor in 1.74 ms, found 3 plugins.
Preloading 0 native plugins for Editor in 0.00 ms.
Unloading 4030 Unused Serialized files (Serialized files now loaded: 0)
Unloading 42 unused Assets / (196.1 KB). Loaded Objects now: 4513.
Memory consumption went from 266.4 MB to 266.2 MB.
Total: 4.338129 ms (FindLiveObjects: 0.318257 ms CreateObjectMapping: 0.267946 ms MarkObjects: 3.511278 ms  DeleteObjects: 0.239738 ms)

Prepare: number of updated asset objects reloaded= 0
AssetImportParameters requested are different than current active one (requested -> active):
  custom:container-demuxer-ogg: 62fdf1f143b41e24485cea50d1cbac27 -> 
  custom:video-decoder-ogg-theora: a1e56fd34408186e4bbccfd4996cb3dc -> 
  custom:CustomObjectIndexerAttribute: 6d391050e5a25f67b0a2c618074f2cd9 -> 
  custom:container-demuxer-webm: 4f35f7cbe854078d1ac9338744f61a02 -> 
  custom:container-muxer-webm: aa71ff27fc2769a1b78a27578f13a17b -> 
  custom:video-decoder-webm-vp8: 9c59270c3fd7afecdb556c50c9e8de78 -> 
  custom:SearchIndexIgnoredProperties: e643bd26f0fe6173181afceb89e7c659 -> 
  custom:AudioImporter_EditorPlatform: 3918e3fc78b5a79bad01e8451be0beb8 -> 
  custom:framework-osx-AVFoundation: e770b220cccbd017edd2c1fefb359320 -> 
  custom:video-encoder-webm-vp8: eb34c28f22e8b96e1ab97ce403110664 -> 
  custom:audio-decoder-ogg-vorbis: bf7c407c2cedff20999df2af8eb42d56 -> 
  custom:audio-encoder-webm-vorbis: bf7c407c2cedff20999df2af8eb42d56 -> 
========================================================================
Received Prepare
Begin MonoManager ReloadAssembly
- Loaded All Assemblies, in  0.469 seconds
Refreshing native plugins compatible for Editor in 2.51 ms, found 3 plugins.
Native extension for OSXStandalone target not found
[Package Manager] Server::EnsureServerProcessIsRunning -- launch failed, reason: Unity was launched with the -noUpm command-line argument
[Package Manager] UpmClient::Send -- Unable to send message (not connected to UPM process).
[Package Manager] Cannot connect to Unity Package Manager local server
Mono: successfully reloaded assembly
- Finished resetting the current domain, in  0.903 seconds
Domain Reload Profiling: 1373ms
	BeginReloadAssembly (176ms)
		ExecutionOrderSort (0ms)
		DisableScriptedObjects (12ms)
		BackupInstance (0ms)
		ReleaseScriptingObjects (0ms)
		CreateAndSetChildDomain (62ms)
	RebuildCommonClasses (43ms)
	RebuildNativeTypeToScriptingClass (13ms)
	initialDomainReloadingComplete (24ms)
	LoadAllAssembliesAndSetupDomain (213ms)
		LoadAssemblies (268ms)
		RebuildTransferFunctionScriptingTraits (0ms)
		AnalyzeDomain (17ms)
			TypeCache.Refresh (7ms)
				TypeCache.ScanAssembly (0ms)
			ScanForSourceGeneratedMonoScriptInfo (0ms)
			ResolveRequiredComponents (8ms)
	FinalizeReload (904ms)
		ReleaseScriptCaches (0ms)
		RebuildScriptCaches (0ms)
		SetupLoadedEditorAssemblies (520ms)
			LogAssemblyErrors (0ms)
			InitializePlatformSupportModulesInManaged (5ms)
			SetLoadedEditorAssemblies (4ms)
			RefreshPlugins (0ms)
			BeforeProcessingInitializeOnLoad (67ms)
			ProcessInitializeOnLoadAttributes (401ms)
			ProcessInitializeOnLoadMethodAttributes (42ms)
			AfterProcessingInitializeOnLoad (1ms)
			EditorAssembliesLoaded (0ms)
		ExecutionOrderSort2 (0ms)
		AwakeInstancesAfterBackupRestoration (13ms)
Refreshing native plugins compatible for Editor in 2.03 ms, found 3 plugins.
Preloading 0 native plugins for Editor in 0.00 ms.
Unloading 4031 Unused Serialized files (Serialized files now loaded: 0)
Unloading 42 unused Assets / (200.1 KB). Loaded Objects now: 4517.
Memory consumption went from 268.8 MB to 268.6 MB.
Total: 4.109655 ms (FindLiveObjects: 0.316136 ms CreateObjectMapping: 0.285642 ms MarkObjects: 3.324942 ms  DeleteObjects: 0.182112 ms)

Prepare: number of updated asset objects reloaded= 0
AssetImportParameters requested are different than current active one (requested -> active):
  custom:container-demuxer-ogg: 62fdf1f143b41e24485cea50d1cbac27 -> 
  custom:video-decoder-ogg-theora: a1e56fd34408186e4bbccfd4996cb3dc -> 
  custom:CustomObjectIndexerAttribute: 6d391050e5a25f67b0a2c618074f2cd9 -> 
  custom:container-demuxer-webm: 4f35f7cbe854078d1ac9338744f61a02 -> 
  custom:container-muxer-webm: aa71ff27fc2769a1b78a27578f13a17b -> 
  custom:video-decoder-webm-vp8: 9c59270c3fd7afecdb556c50c9e8de78 -> 
  custom:SearchIndexIgnoredProperties: e643bd26f0fe6173181afceb89e7c659 -> 
  custom:AudioImporter_EditorPlatform: 3918e3fc78b5a79bad01e8451be0beb8 -> 
  custom:framework-osx-AVFoundation: e770b220cccbd017edd2c1fefb359320 -> 
  custom:video-encoder-webm-vp8: eb34c28f22e8b96e1ab97ce403110664 -> 
  custom:audio-decoder-ogg-vorbis: bf7c407c2cedff20999df2af8eb42d56 -> 
  custom:audio-encoder-webm-vorbis: bf7c407c2cedff20999df2af8eb42d56 -> 
